[debug] [2024-04-23T17:18:55.861Z] ----------------------------------------------------------------------
[debug] [2024-04-23T17:18:55.869Z] Command:       C:\Program Files\nodejs\node.exe C:\Users\user\AppData\Roaming\npm\node_modules\firebase-tools\lib\bin\firebase.js deploy --debug
[debug] [2024-04-23T17:18:55.874Z] CLI Version:   13.7.3
[debug] [2024-04-23T17:18:55.879Z] Platform:      win32
[debug] [2024-04-23T17:18:55.879Z] Node Version:  v18.17.1
[debug] [2024-04-23T17:18:55.881Z] Time:          Tue Apr 23 2024 20:18:55 GMT+0300 (Eastern European Summer Time)
[debug] [2024-04-23T17:18:55.881Z] ----------------------------------------------------------------------
[debug] 
[debug] [2024-04-23T17:18:55.964Z] > command requires scopes: ["email","openid","https://www.googleapis.com/auth/cloudplatformprojects.readonly","https://www.googleapis.com/auth/firebase","https://www.googleapis.com/auth/cloud-platform"]
[debug] [2024-04-23T17:18:55.966Z] > authorizing via signed-in user (szakaliarpi11@gmail.com)
[debug] [2024-04-23T17:18:55.967Z] [iam] checking project dyna-craft-hub for permissions ["firebase.projects.get","firebasehosting.sites.update"]
[debug] [2024-04-23T17:18:55.970Z] >>> [apiv2][query] POST https://cloudresourcemanager.googleapis.com/v1/projects/dyna-craft-hub:testIamPermissions [none]
[debug] [2024-04-23T17:18:55.970Z] >>> [apiv2][(partial)header] POST https://cloudresourcemanager.googleapis.com/v1/projects/dyna-craft-hub:testIamPermissions x-goog-quota-user=projects/dyna-craft-hub
[debug] [2024-04-23T17:18:55.971Z] >>> [apiv2][body] POST https://cloudresourcemanager.googleapis.com/v1/projects/dyna-craft-hub:testIamPermissions {"permissions":["firebase.projects.get","firebasehosting.sites.update"]}
[debug] [2024-04-23T17:18:56.985Z] <<< [apiv2][status] POST https://cloudresourcemanager.googleapis.com/v1/projects/dyna-craft-hub:testIamPermissions 200
[debug] [2024-04-23T17:18:56.986Z] <<< [apiv2][body] POST https://cloudresourcemanager.googleapis.com/v1/projects/dyna-craft-hub:testIamPermissions {"permissions":["firebase.projects.get","firebasehosting.sites.update"]}
[debug] [2024-04-23T17:18:56.988Z] >>> [apiv2][query] GET https://firebase.googleapis.com/v1beta1/projects/dyna-craft-hub [none]
[debug] [2024-04-23T17:18:57.477Z] <<< [apiv2][status] GET https://firebase.googleapis.com/v1beta1/projects/dyna-craft-hub 200
[debug] [2024-04-23T17:18:57.477Z] <<< [apiv2][body] GET https://firebase.googleapis.com/v1beta1/projects/dyna-craft-hub {"projectId":"dyna-craft-hub","projectNumber":"1076456019379","displayName":"dyna-craft-hub","name":"projects/dyna-craft-hub","resources":{"hostingSite":"dyna-craft-hub"},"state":"ACTIVE","etag":"1_67757e68-f2a3-46ad-acb5-11019a0e2364"}
[info] 
[info] === Deploying to 'dyna-craft-hub'...
[info] 
[info] i  deploying hosting 
[debug] [2024-04-23T17:18:57.491Z] >>> [apiv2][query] POST https://firebasehosting.googleapis.com/v1beta1/projects/-/sites/dyna-craft-hub/versions [none]
[debug] [2024-04-23T17:18:57.492Z] >>> [apiv2][body] POST https://firebasehosting.googleapis.com/v1beta1/projects/-/sites/dyna-craft-hub/versions {"status":"CREATED","labels":{"deployment-tool":"cli-firebase"}}
[debug] [2024-04-23T17:18:58.708Z] <<< [apiv2][status] POST https://firebasehosting.googleapis.com/v1beta1/projects/-/sites/dyna-craft-hub/versions 200
[debug] [2024-04-23T17:18:58.708Z] <<< [apiv2][body] POST https://firebasehosting.googleapis.com/v1beta1/projects/-/sites/dyna-craft-hub/versions {"name":"projects/1076456019379/sites/dyna-craft-hub/versions/a267c6cc4fc9041e","status":"CREATED","config":{},"labels":{"deployment-tool":"cli-firebase"}}
[info] i  hosting[dyna-craft-hub]: beginning deploy... 
[info] i  hosting[dyna-craft-hub]: found 120 files in dist 
[debug] [2024-04-23T17:18:58.750Z] [hosting] uploading with 200 concurrency
[debug] [2024-04-23T17:18:58.765Z] [hosting] hash cache [ZGlzdA] stored for 120 files
[debug] [2024-04-23T17:18:58.765Z] [hosting][hash queue][FINAL] {"max":4,"min":0,"avg":0.9684260703541612,"active":0,"complete":120,"success":120,"errored":0,"retried":0,"total":120,"elapsed":12}
[debug] [2024-04-23T17:18:58.767Z] >>> [apiv2][query] POST https://firebasehosting.googleapis.com/v1beta1/projects/1076456019379/sites/dyna-craft-hub/versions/a267c6cc4fc9041e:populateFiles [none]
[debug] [2024-04-23T17:18:58.767Z] >>> [apiv2][body] POST https://firebasehosting.googleapis.com/v1beta1/projects/1076456019379/sites/dyna-craft-hub/versions/a267c6cc4fc9041e:populateFiles {"files":{"/index.html":"7a26dc6ed9a0f0444dc1b6a51ffe18a347ce7235793439bded28ee31038113ba","/main-logo.svg":"9a7825163ba324c7edebf35e51a3050e61c3105d3f24762a6e90afbdf227b866","/css/app.9d10f4d3.css":"b5a554461235145bd4e561313beaaf9e598b0972ca9ef4bedf287f7edcbc139f","/img/arrow-down.94305b41.svg":"d2e7300b6200d63c71dc326d917fa1e0a45dac2be0d6855562a46515b2c580ee","/img/backend.01665d7a.svg":"2ce8980dfa06019338405b2f7f7dd6fe1c416ffd6deb11c73df13fb51ea18d92","/img/bard.e6c4a062.svg":"4d979a71aae49d72862d4ed81aa73485b4212d2c402d53a671cbfe4a16bad145","/img/brand-coral.0ad74e2b.svg":"0c6d715d43190340a73040164cb749a6e3e286fddc4d524076fd5f8dbe9f77e4","/img/brand-logo.21200504.svg":"1451a71ef4f35d3b58e886176d948d53967907f63d4c4c0f01fa2304b8e7cdab","/img/brand.a48870a5.svg":"b40971a096dcde5b90edd8c178e5cd5b8b56e0d94dfacc2da10bffc7facf0059","/img/case-studies.f2e5b8f9.svg":"86b96a87436e8537cc22f72e0d7baf98c8036ab3b68cb6e43b6f729bd5aeeb22","/img/chevron-right-white.0ba2bccb.svg":"47475fea174283841ea2bc13fe864124bb15ee524938f9f614e453dd26fd6b47","/img/coding-background.8d517bb6.png":"a55b79c67fc561de27f5c8674cd58d3128ae1fb6a629441a7010b72663547206","/img/contractual-background.c54a2036.png":"20ffab6fa8bde30f8a03b6e061cb02e499a06145d7a52edb1f4fb98372d50865","/img/contractual-mockup1.ca953109.svg":"9c99c5ce7309777f82a30ec9a051c8a7884fd0ea8a2c6387b51edf4b6fb4fd88","/img/contractual-mockup2.f5405e5b.svg":"41f1ed56b674e11bb7715633314f173e38335c5d2385bfd37c917d276e36c34c","/img/contractual-screen.0a6e7b75.png":"3a5af4ddace155e6be23a8df79b2b32ce7df5135c188241ce6d99a375d9b21ce","/img/dashboard.22c9c420.svg":"96046701dd5bb0e8dfd0351e21e20cb3da25aaf1716825c3aa9a60b600afb233","/img/design.788dfc1f.svg":"98d56fe08730b48199150bd4a15faef5a78b55cfdf71c3213abe0d4548683278","/img/dinosaur.0add396d.svg":"12f5d1f2365a95ddb67f0d03cb7716dbcfd07b5b97f3b49b5b590196ddc60dd9","/img/discovery.7c352966.svg":"c6c01cc88f7bedd2caa1340bf417b089ab05e691fe6943be768a7162363f0721","/img/element-logo.f39882ea.svg":"2a3c39ccbe55fc9cecc449ce39a9399d299daea41a08397e1ccf42af11efe8b5","/img/expoil-loog.182bffd6.svg":"01a984835aae3b1db441fd806ac4b696921e252dc156eef7535a2ea73bb875e9","/img/facebook.accae617.svg":"35954f1ef0f7a6b2935db1693b3bd3fc092b3b6e12ed66fcdeeb8c62682e4338","/img/flatco-background.c2a7e48b.svg":"dccec7cb00532d11741b9d4a0b705f2a7acc64094deedded74978845bc8bbfab","/img/flatco-landing1.2c066b8e.svg":"f2181a838a3806d46e8877d3fc111d44ebd5092e09f1a8acc74085c67154226d","/img/flatco-landing2.f3988759.svg":"bd108a89b7526cc883ce9a8e76918826265d09db4ac759b3d18f00338bab737e","/img/flatco-landing3.0f7048ff.svg":"4939f10f1dd46df734cd0785779812bc4a6540ab8244da41074630ef930a4886","/img/flatco-landing4.f0752441.svg":"909965133fdee001eb05e2c0f527a27802558119f7b8d1f7e96b19ee5e481ceb","/img/flatco-landing5.b658d0d7.svg":"0714495d10b562849c5bcae602e727c97fc2d4d8b8c4c454d2b48b29c979cfe6","/img/flatco-landing6.0d84f086.svg":"aa437202ded5a7f5a9b3586d5cad259ad56cf1e6529f611fcb78662dff4ca273","/img/flatco-landing7.52fbad5a.svg":"27204df8cd14b9c011d47a3955f476a1f1a344e9ad16e88fcbec9b171c0aac32","/img/flatco-laptop.e76a4688.svg":"a991a2de12975d2aa06ccc737a4becc50318d9f7f14dc4bdc7fc0ed62329eae1","/img/flatco-screen.c451cbdb.svg":"6184baed2dda42cb840616b92a7f65469f41bc38ba582da940f550f2cbc40495","/img/folkapp-logo.1d6e4df7.svg":"75cee797c67eebe626f04953d8d16b4993027a7aeb237a1bd288fa9e6507f2fe","/img/frontend.3e0ec9e0.svg":"3be4f3cdb517699ff000880865c2baec6c28ef88be827120818c220a4d9b86d9","/img/get-in-touch.2baa8b8e.svg":"3c88c6e3128f82406152a167edc903adc4c11e109c1f4809d407d1edd0d4dc79","/img/goals.2c0c99ea.svg":"1015b495514fdb7dcb8ab4f395962dd98e445a2c14aad34b10c8804e73a078c1","/img/hat.b977eaff.svg":"166ec7a39235bddf39de99052c2f3709b3ca5335e9297c8cf5984078361b105c","/img/hotbed-background.e28277b9.svg":"9c0d9a89e4f1a3509a88f23ff9794ba62423e6d8aee353dcf0767d0cbff3bbdc","/img/hotbed-documents.e32205ff.svg":"1bdb3e43ec3c55eaa0e03bdac25eedd9af25d7993a41d56403894e42a259bdb0","/img/hotbed-screen.1506b1f0.svg":"9c92d41eb7d78bbdefca5d05ce470133a632810d43168f6a8f12d71d97da67ef","/img/ideation.0971e654.svg":"ea0db3ff685363ad17af87c3c88446085341b7f7f0021714fc3aaa12c7c15b3d","/img/instagram.5e85dbe1.svg":"3ca702bf6536b69e285030076d063df8565aa21852a885a3e3a64c1450787e7c","/img/kompozit-background.dac11250.svg":"ba85091a2e6d570b2e86ae388cbc102a9f65b76abb484429fc75705098cee91e","/img/kompozit-logo.cf06ec1c.svg":"b7a6646046030bb82d3e356c9656d50f349809244f35f5afb3a184237bbd704f","/img/kompozit-screen.dd3e95ab.svg":"85db02c935a441a88b9f377c91bc1f8f8e3a9df422fcc315b0f40d3d8fd7ed39","/img/kompozit-sticky-note1.70e10746.svg":"9d96826c3a163c4a49f8122730bd6b2238345eaba81892e8d38838c65bfc8e11","/img/kompozit-sticky-note2.c0f663d9.svg":"6ecb94e268a36b3a5bfa7fb1d4b544e863e0542e56c923d3963be2ec6139bd09","/img/kompozit-workflow.b8738d79.svg":"c6501d5652a0f37ace1c0fb969a62447059b831c379e4ea55fd255abb8292e2b","/img/landing-page.a16e8846.svg":"196518db1b5d20483f9335bf3e2b076709c20e6a28bdc441738b92c04b68e7c1","/img/linkedin.0eb28431.svg":"349775fc8215e368fb34fced5855fcff46d9b230c0378004ab03dfdeb8dc2836","/img/logofolio..f56849bc.svg":"522e29818e05b877d5d0e742babbe417a6246d8795ee413bfdbb9d2e90920377","/img/main-logo.339428aa.svg":"9a7825163ba324c7edebf35e51a3050e61c3105d3f24762a6e90afbdf227b866","/img/marketing-coral.f76c3245.svg":"9f2015a89ade2d9e807a8892b4954f954661821382fc3da972ae8a753d5727ff","/img/marketing.b0f49ad1.svg":"3f1f614a56d3ac6f416bf7160aa0f8c9653af00b612e59e350635724909f2aba","/img/mullmar-logo.41f2620b.svg":"3bbecbd415d52c8ce8047316f4c8c2f558df668e217a253f91d1523e72f4fd7d","/img/new-wireframe.a2a72190.svg":"6eb2e1841a8339275db2bef89a43b67b09acd08c6bb3db0435cb2c6d91be9012","/img/night-manager-logo.fb77ee70.svg":"e10a1925d7d231a5eba5cf7149a3f6ef37d8cc72a85cfecdd522c1e94869fdb4","/img/old-design.b94a546b.svg":"183837d3adcad72c25ebbddbafdab43043b76d1af763f633b5f95e91c162853b","/img/pencil.1d8a8a42.svg":"91fca5c962abcd01b14734bd1767bd5d4a7c1aa346d1234d611071f3fd7ada2c","/img/pertu-background.0426b912.svg":"d0a8d3750293d4b3a8879cd8b4cc8f1c4f8beabc7e064da1f3b0c67f444edd2f","/img/pertu-black.f8c84364.svg":"ba7c486c77517600af06d530072776abe5d38c3c855c2e805818caab31ed1861","/img/pertu-glass.1e946454.svg":"2be499f83f17ade25ea56cd4ad9d1b8ddb2f06a68df8e3c26b807faa701e2507","/img/pertu-green.90529b9e.svg":"56e49b403e4ed52c091f6336c135e19cd4ee046688404c72d9b67c89f26c0ebf","/img/pertu-icon.d7725e6a.svg":"b5b1f93aabad394691b9639b2531e5f2ebf3a61411dc1318339d87e18f87987b","/img/pertu-logo-black-white.0e01a808.svg":"32f6ed3c671730e6030d547053f5059716ef656a1cc1dc2752a8837aa78c4a98","/img/pertu-logo.510577df.svg":"e45878647cc9faf0594c6fd5bdd01eec4d8a94f16401b4c419cce348f0f495d1","/img/pertu-microphone.1dd5c0cd.svg":"0b4d191e8f1224e6d1f0ee1de2d55436eb81268de13ccfbf07ca47699060607f","/img/pertu-name.57ad0d37.svg":"7f9aaf90d6a8212de125992b3d417c9343b4ad53adbd448635709d780dd2c141","/img/pertu-picture1.e451d94a.svg":"ea59b4a0ff27d71dab0d8c062a242048d612958fe322873d161923ebbb193f49","/img/pertu-picture2.08fdc62c.svg":"1fcfbfdef6f16278af8796ceda2870ab6679e220b72c0369dc266079d5c60c10","/img/pertu-territory.55e91e76.svg":"86d072e6ff7d980670e77128f57c06f508bccee28ee863e7b17cba4861097f4d","/img/pertu-yellow.3e03b0bf.svg":"02a75c11128296d95dcb86e68d273663193254352861a33eefcff12782897e40","/img/pertu1.6d43d637.svg":"2215eb1ad6afa3aebabf067791d3f3595b34d289fa5db49a9f89879a0d61e7b1","/img/pertu2.3f11891d.svg":"75b3c5e97211345fbfd58b197d77415e50482453c56d82f30ba146be5f199e7c","/img/pertu3.1c9e802d.svg":"52864d27c7a828be83476d18e01a950505f0322808d70b46576cb38c078b61ef","/img/pertu4.46eda488.svg":"fe1d4553a23ca10cb504e6809386670e1515ed46b637be1e1e7b36d43bdcadb2","/img/phone-coral.f300fa3b.svg":"e95389bfbcf4b2a2a130da4779b0e94b30390fc49b05329d3229dacf6ec76026","/img/phone.ea874f16.svg":"8b28d2caa1ef132489edb50eada66a8732380afcc4f70ef6d2ff2b75cd088040","/img/publow-logo.9fb94977.svg":"91d51396d49f9bdf9ddf64f2e7d79d20500b93795115f82d12f8bbde926af0b3","/img/random1.4662cb2b.jpg":"2c008682c5b2eaa1c10e8ae0d76b803cd126aa8c4f2963937c9813f1b489a4b3","/img/random2.38aed91d.jpg":"b6c424068d514361db8c8899057a1b4dfe0986f3da7cf9ea314299ccf009dcb8","/img/random3.eeb34f90.jpg":"b91b271e315b398475e6a6fcd963ced1aa5d33aa21c7e28d06afaf582840a910","/img/redesign-coral.5ff82d80.svg":"0e918e7cf499f8fb4822283a648b7509881247e3d04cc8d772b544d7bf794c1c","/img/redesign.aee86a80.svg":"27e452fd3aa4726aeef927399d8c6dfee0c0b82c9aa52ce974a9f029c08b0a0e","/img/reports.894c699b.svg":"9913f9336f5824f84da33cd3ab79a52c5553e7593ed5df3f9c6658554f3f3dfe","/img/research.82336500.svg":"59677be803849ac413658fe97ab7348d4ba5013fbe430a06c2a8e94af937fdad","/img/romfriend-background.c7673454.svg":"616032304b69b15997bf3a57035b01595522ddf471cec11389e204c571d850f8","/img/romfriend-blog.a349d880.svg":"ed740871efe436e63ef1dceaddb6724d7ddca507a79eb666e408fcbcc290c3f4","/img/romfriend-screen.ca8efff3.svg":"3a8040356a148f4d69c1badf765e81e69481fdcc3f938dcc396b4131e6e60a93","/img/romfriend-tour-page.9bee856e.svg":"b2d0bb4e9d4cbd6cf975c8faaf16bda8854fa029c801142f75c9fb9b3603a3c4","/img/romfriend-ui.1d4dfc55.svg":"28d1803f236ce348bb745ff6a16d8d46b879bd2ea98ff91907b0367a6213455e","/img/ruler.639bbac5.svg":"6b3c45d50e403f383ae60287a628eb9a926b97fad33541a04cf3c23fad6bf9cd","/img/scroll-roll-design-logo.02f35710.svg":"969f71b3a2c53c895bdf3ba61c00db31b0f9466a3240deeb8b7473535f0dab10","/img/services.1cf4b2f4.svg":"9bebd73718a2bc60aa823c8cb295f4b81db8d2a404d83c3adbbb4390cb78656e","/img/software-coral.db6a5d38.svg":"252ed736ba4ceb68f7e6e53c72dec29c39aa9b0643ef342a2b04b2b1a3607ae6","/img/software.c8788d44.svg":"e247c7e04ea8117e07a4b8e6b44faec288d920ed9683c972d74645741406fee1","/img/suit-case.72874143.svg":"24d7e5f16934d3deb4b34188fdea41a903617f727cb1ca5f32d7e6b11acb2472","/img/sun.be2bc5ec.svg":"d9cab293a2c34a630492d6b5caf2c6feaccada5f4a4bb7a666f295a41f2282ec","/img/szulinapi-background.d5512656.svg":"e0bc986c640159dc95300c4b8008a18a6581e6ed77763a0706ae03a79df7f283","/img/szulinapi-design.6fda5baf.svg":"64640d8e01810f4b719f0873bbe3216a12d3543359c482319fa13767883cf98d","/img/szulinapi-landing.cb5507cd.svg":"a4393996d29cce7398bc3f4190f50eb91a2c0a0c5ff31e3366e8d2984b4a33f6","/img/szulinapi-screen.d3e8cd96.svg":"f5b41dfb73f40c93ca84245ab1ace082477bac195ed3f0e97d85bd049f1209a8","/img/tekergo-logo.4178f6ed.svg":"1986ce8c1b23659b99342f367031999a2263523347aa0f0574b9bf3c6c32febe","/img/test.f2e6b591.svg":"86b07bbb4f53e8be99507285102c6eeb6730eaeafca44f891837e64299554db5","/img/teve.1226e44c.svg":"326c1a9572c09e5c014637a1d6052338063233f03787af0ecbf15a2c6dc6168f","/img/transparent-logo.e471fcd0.svg":"2b1f7ee8ae364654ed6210fddabd75b2ecf0750c82dae1cc6ab9919e49e70fd7","/img/web-coral.9f280c64.svg":"aab331b2a7925d5c8876a731ab027960bc2c57a993c884b241948386541715f2","/img/web.000ce148.svg":"3b8d17975e21a542f38c5010000fd64e8dfd63eca31ac441bb7566d963c482cd","/img/wire-donkey-logo.224b22fc.svg":"1b499528cfc86d2cbf1581d4955675c3f7c8b38f846cb664cb4df9eae5ec4f95","/img/wireframe1.6e2298ff.svg":"6fc41fbb95efd2512477a5118b47f44a92707a5d2ee0d24d5be0bcf4f7d146a1","/img/wireframe2.45f77d7b.svg":"95034136343e48f7d2ac8fa13b718cccdf798e34fb50bc4e093f58ec1999fcbb","/img/wireframe3.71c87c70.svg":"a99776bbcf258a3805911d09bed9f26431a610f5a893defc57211c0d4a0593a8","/img/wireframe4.250e25b6.svg":"8d824ea09b6b0053696728c559df8da7fbf0c1bd4e99dd9a325731ca311fb77b","/img/wireframe5.8b1af524.svg":"bd32a1b592a82cfb3b4ea094410e8668df771d63779b435ed6d0b691d8aab84b","/img/wireframe6.81b5b181.svg":"853b24d518e8941053dea19ebaa322b221f9766e0d1c85f1e00b9280cc85c2ab","/js/app.15c1ab14.js":"3a517d4820d899d5aa187a1eae54cb66ceaba4049e4c9220def7fbda6400173a","/js/app.15c1ab14.js.map":"1b67cea3d7276443a05e2eddc466dbd9a3a95a6699fc1666444b6f9e54d25b3b","/js/chunk-vendors.93801a79.js":"fd99b3790d5d6da865e930de060aa1f3dbed71a72f03a060892be394c2d61de8","/js/chunk-vendors.93801a79.js.map":"2f2026ac6338d1002da4228f1990d70c4b7da32d89e4ad6be44c1ee4a1f4b7a8"}}
[debug] [2024-04-23T17:18:59.888Z] <<< [apiv2][status] POST https://firebasehosting.googleapis.com/v1beta1/projects/1076456019379/sites/dyna-craft-hub/versions/a267c6cc4fc9041e:populateFiles 200
[debug] [2024-04-23T17:18:59.888Z] <<< [apiv2][body] POST https://firebasehosting.googleapis.com/v1beta1/projects/1076456019379/sites/dyna-craft-hub/versions/a267c6cc4fc9041e:populateFiles {"uploadRequiredHashes":["9913f9336f5824f84da33cd3ab79a52c5553e7593ed5df3f9c6658554f3f3dfe","6184baed2dda42cb840616b92a7f65469f41bc38ba582da940f550f2cbc40495"],"uploadUrl":"https://upload-firebasehosting.googleapis.com/upload/sites/dyna-craft-hub/versions/a267c6cc4fc9041e/files"}
[debug] [2024-04-23T17:18:59.890Z] >>> [apiv2][query] POST https://upload-firebasehosting.googleapis.com/upload/sites/dyna-craft-hub/versions/a267c6cc4fc9041e/files/9913f9336f5824f84da33cd3ab79a52c5553e7593ed5df3f9c6658554f3f3dfe [none]
[debug] [2024-04-23T17:18:59.890Z] >>> [apiv2][body] POST https://upload-firebasehosting.googleapis.com/upload/sites/dyna-craft-hub/versions/a267c6cc4fc9041e/files/9913f9336f5824f84da33cd3ab79a52c5553e7593ed5df3f9c6658554f3f3dfe [stream]
[debug] [2024-04-23T17:18:59.892Z] >>> [apiv2][query] POST https://upload-firebasehosting.googleapis.com/upload/sites/dyna-craft-hub/versions/a267c6cc4fc9041e/files/6184baed2dda42cb840616b92a7f65469f41bc38ba582da940f550f2cbc40495 [none]
[debug] [2024-04-23T17:18:59.892Z] >>> [apiv2][body] POST https://upload-firebasehosting.googleapis.com/upload/sites/dyna-craft-hub/versions/a267c6cc4fc9041e/files/6184baed2dda42cb840616b92a7f65469f41bc38ba582da940f550f2cbc40495 [stream]
[debug] [2024-04-23T17:18:59.894Z] [hosting][populate queue][FINAL] {"max":1126,"min":1126,"avg":1126,"active":0,"complete":1,"success":1,"errored":0,"retried":0,"total":1,"elapsed":1130}
[debug] [2024-04-23T17:18:59.894Z] [hosting] uploads queued: 2
[info] i  hosting: uploading new files [0/2] (0%) 
[info] i  hosting: uploading new files [0/2] (0%) 
[debug] [2024-04-23T17:19:03.010Z] <<< [apiv2][status] POST https://upload-firebasehosting.googleapis.com/upload/sites/dyna-craft-hub/versions/a267c6cc4fc9041e/files/6184baed2dda42cb840616b92a7f65469f41bc38ba582da940f550f2cbc40495 200
[debug] [2024-04-23T17:19:03.011Z] <<< [apiv2][body] POST https://upload-firebasehosting.googleapis.com/upload/sites/dyna-craft-hub/versions/a267c6cc4fc9041e/files/6184baed2dda42cb840616b92a7f65469f41bc38ba582da940f550f2cbc40495 [stream]
[info] i  hosting: uploading new files [1/2] (50%) 
[debug] [2024-04-23T17:19:05.182Z] <<< [apiv2][status] POST https://upload-firebasehosting.googleapis.com/upload/sites/dyna-craft-hub/versions/a267c6cc4fc9041e/files/9913f9336f5824f84da33cd3ab79a52c5553e7593ed5df3f9c6658554f3f3dfe 200
[debug] [2024-04-23T17:19:05.182Z] <<< [apiv2][body] POST https://upload-firebasehosting.googleapis.com/upload/sites/dyna-craft-hub/versions/a267c6cc4fc9041e/files/9913f9336f5824f84da33cd3ab79a52c5553e7593ed5df3f9c6658554f3f3dfe [stream]
[debug] [2024-04-23T17:19:05.183Z] [hosting][upload queue][FINAL] {"max":5294,"min":3122,"avg":4208,"active":0,"complete":2,"success":2,"errored":0,"retried":0,"total":2,"elapsed":5294}
[info] i  hosting: upload complete 
[info] +  hosting[dyna-craft-hub]: file upload complete 
[debug] [2024-04-23T17:19:05.184Z] [hosting] deploy completed after 6474ms
[debug] [2024-04-23T17:19:05.184Z] [
  {
    "config": {
      "public": "dist",
      "ignore": [
        "firebase.json",
        "**/.*",
        "**/node_modules/**"
      ],
      "rewrites": [
        {
          "source": "**",
          "destination": "/index.html"
        }
      ],
      "site": "dyna-craft-hub"
    },
    "version": "projects/1076456019379/sites/dyna-craft-hub/versions/a267c6cc4fc9041e"
  }
]
[info] i  hosting[dyna-craft-hub]: finalizing version... 
[debug] [2024-04-23T17:19:05.188Z] >>> [apiv2][query] PATCH https://firebasehosting.googleapis.com/v1beta1/projects/-/sites/dyna-craft-hub/versions/a267c6cc4fc9041e updateMask=status%2Cconfig
[debug] [2024-04-23T17:19:05.189Z] >>> [apiv2][body] PATCH https://firebasehosting.googleapis.com/v1beta1/projects/-/sites/dyna-craft-hub/versions/a267c6cc4fc9041e {"status":"FINALIZED","config":{"rewrites":[{"glob":"**","path":"/index.html"}]}}
[debug] [2024-04-23T17:19:06.115Z] <<< [apiv2][status] PATCH https://firebasehosting.googleapis.com/v1beta1/projects/-/sites/dyna-craft-hub/versions/a267c6cc4fc9041e 200
[debug] [2024-04-23T17:19:06.116Z] <<< [apiv2][body] PATCH https://firebasehosting.googleapis.com/v1beta1/projects/-/sites/dyna-craft-hub/versions/a267c6cc4fc9041e {"name":"projects/1076456019379/sites/dyna-craft-hub/versions/a267c6cc4fc9041e","status":"FINALIZED","config":{"rewrites":[{"glob":"**","path":"/index.html"}]},"labels":{"deployment-tool":"cli-firebase"},"createTime":"2024-04-23T17:18:58.780370Z","createUser":{"email":"szakaliarpi11@gmail.com"},"finalizeTime":"2024-04-23T17:19:06.443288Z","finalizeUser":{"email":"szakaliarpi11@gmail.com"}}
[debug] [2024-04-23T17:19:06.116Z] [hosting] finalized version for dyna-craft-hub:[object Object]
[info] +  hosting[dyna-craft-hub]: version finalized 
[info] i  hosting[dyna-craft-hub]: releasing new version... 
[debug] [2024-04-23T17:19:06.117Z] >>> [apiv2][query] POST https://firebasehosting.googleapis.com/v1beta1/projects/-/sites/dyna-craft-hub/channels/live/releases versionName=projects%2F1076456019379%2Fsites%2Fdyna-craft-hub%2Fversions%2Fa267c6cc4fc9041e
[debug] [2024-04-23T17:19:06.118Z] >>> [apiv2][body] POST https://firebasehosting.googleapis.com/v1beta1/projects/-/sites/dyna-craft-hub/channels/live/releases {}
[debug] [2024-04-23T17:19:07.194Z] <<< [apiv2][status] POST https://firebasehosting.googleapis.com/v1beta1/projects/-/sites/dyna-craft-hub/channels/live/releases 200
[debug] [2024-04-23T17:19:07.195Z] <<< [apiv2][body] POST https://firebasehosting.googleapis.com/v1beta1/projects/-/sites/dyna-craft-hub/channels/live/releases {"name":"projects/1076456019379/sites/dyna-craft-hub/channels/live/releases/1713892746946000","version":{"name":"projects/1076456019379/sites/dyna-craft-hub/versions/a267c6cc4fc9041e","status":"FINALIZED","config":{"rewrites":[{"glob":"**","path":"/index.html"}]},"labels":{"deployment-tool":"cli-firebase"},"createTime":"2024-04-23T17:18:58.780370Z","createUser":{"email":"szakaliarpi11@gmail.com","imageUrl":"https://lh3.googleusercontent.com/a/ACg8ocLdQJOT2OrwPSjgZuKyQeV4etZMWA7yk959fSRbeImpSi_9W4z8"},"finalizeTime":"2024-04-23T17:19:06.443288Z","finalizeUser":{"email":"szakaliarpi11@gmail.com","imageUrl":"https://lh3.googleusercontent.com/a/ACg8ocLdQJOT2OrwPSjgZuKyQeV4etZMWA7yk959fSRbeImpSi_9W4z8"}},"type":"DEPLOY","releaseTime":"2024-04-23T17:19:06.946Z","releaseUser":{"email":"szakaliarpi11@gmail.com","imageUrl":"https://lh3.googleusercontent.com/a/ACg8ocLdQJOT2OrwPSjgZuKyQeV4etZMWA7yk959fSRbeImpSi_9W4z8"}}
[debug] [2024-04-23T17:19:07.196Z] [hosting] release: {"name":"projects/1076456019379/sites/dyna-craft-hub/channels/live/releases/1713892746946000","version":{"name":"projects/1076456019379/sites/dyna-craft-hub/versions/a267c6cc4fc9041e","status":"FINALIZED","config":{"rewrites":[{"glob":"**","path":"/index.html"}]},"labels":{"deployment-tool":"cli-firebase"},"createTime":"2024-04-23T17:18:58.780370Z","createUser":{"email":"szakaliarpi11@gmail.com","imageUrl":"https://lh3.googleusercontent.com/a/ACg8ocLdQJOT2OrwPSjgZuKyQeV4etZMWA7yk959fSRbeImpSi_9W4z8"},"finalizeTime":"2024-04-23T17:19:06.443288Z","finalizeUser":{"email":"szakaliarpi11@gmail.com","imageUrl":"https://lh3.googleusercontent.com/a/ACg8ocLdQJOT2OrwPSjgZuKyQeV4etZMWA7yk959fSRbeImpSi_9W4z8"}},"type":"DEPLOY","releaseTime":"2024-04-23T17:19:06.946Z","releaseUser":{"email":"szakaliarpi11@gmail.com","imageUrl":"https://lh3.googleusercontent.com/a/ACg8ocLdQJOT2OrwPSjgZuKyQeV4etZMWA7yk959fSRbeImpSi_9W4z8"}}
[info] +  hosting[dyna-craft-hub]: release complete 
[info] 
[info] +  Deploy complete! 
[info] 
[info] Project Console: https://console.firebase.google.com/project/dyna-craft-hub/overview
[info] Hosting URL: https://dyna-craft-hub.web.app
